Epoch 0 : 8961 / 10000
Epoch 1 : 9185 / 10000
Epoch 2 : 9300 / 10000
Epoch 3 : 9356 / 10000
Epoch 4 : 9383 / 10000
Epoch 5 : 9383 / 10000
Epoch 6 : 9393 / 10000
Epoch 7 : 9407 / 10000
Epoch 8 : 9401 / 10000
Epoch 9 : 9428 / 10000
Epoch 10 : 9429 / 10000
Epoch 11 : 9418 / 10000
Epoch 12 : 9430 / 10000
Epoch 13 : 9456 / 10000
Epoch 14 : 9448 / 10000
Epoch 15 : 9471 / 10000
Epoch 16 : 9459 / 10000
Epoch 17 : 9465 / 10000
Epoch 18 : 9459 / 10000
Epoch 19 : 9477 / 10000
Epoch 20 : 9480 / 10000
Epoch 21 : 9467 / 10000
Epoch 22 : 9476 / 10000
Epoch 23 : 9479 / 10000
Epoch 24 : 9486 / 10000
Epoch 25 : 9469 / 10000
Epoch 26 : 9481 / 10000
Epoch 27 : 9489 / 10000
Epoch 28 : 9470 / 10000
Epoch 29 : 9499 / 10000